<?xml version="1.0" encoding="UTF-8"?>
<testng-results ignored="0" total="2" passed="2" failed="0" skipped="0">
  <reporter-output>
  </reporter-output>
  <suite started-at="2025-07-02T22:50:57 IST" name="Default suite" finished-at="2025-07-02T22:51:11 IST" duration-ms="13695">
    <groups>
      <group name="cucumber">
        <method signature="AbstractTestNGCucumberTests.runScenario(io.cucumber.testng.PickleWrapper,io.cucumber.testng.FeatureWrapper)[pri:0, instance:cucumberOptions.TestNGRunner@302552ec]" name="runScenario" class="io.cucumber.testng.AbstractTestNGCucumberTests"/>
      </group> <!-- cucumber -->
    </groups>
    <test started-at="2025-07-02T22:50:57 IST" name="Default test" finished-at="2025-07-02T22:51:11 IST" duration-ms="13695">
      <class name="cucumberOptions.TestNGRunner">
        <test-method is-config="true" signature="setUpClass(org.testng.ITestContext)[pri:0, instance:cucumberOptions.TestNGRunner@302552ec]" started-at="2025-07-02T22:50:57 IST" name="setUpClass" finished-at="2025-07-02T22:50:58 IST" duration-ms="205" status="PASS">
          <params>
            <param index="0">
              <value>
                <![CDATA[org.testng.TestRunner@7f1ef916]]>
              </value>
            </param>
          </params>
          <reporter-output>
          </reporter-output>
        </test-method> <!-- setUpClass -->
        <test-method signature="runScenario(io.cucumber.testng.PickleWrapper,io.cucumber.testng.FeatureWrapper)[pri:0, instance:cucumberOptions.TestNGRunner@302552ec]" started-at="2025-07-02T22:50:58 IST" name="runScenario" description="Runs Cucumber Scenarios" data-provider="scenarios" finished-at="2025-07-02T22:51:06 IST" duration-ms="7867" status="PASS">
          <params>
            <param index="0">
              <value>
                <![CDATA["User enters source"]]>
              </value>
            </param>
            <param index="1">
              <value>
                <![CDATA["Yatra application search functionality"]]>
              </value>
            </param>
          </params>
          <reporter-output>
          </reporter-output>
        </test-method> <!-- runScenario -->
        <test-method signature="runScenario(io.cucumber.testng.PickleWrapper,io.cucumber.testng.FeatureWrapper)[pri:0, instance:cucumberOptions.TestNGRunner@302552ec]" started-at="2025-07-02T22:51:06 IST" name="runScenario" description="Runs Cucumber Scenarios" data-provider="scenarios" finished-at="2025-07-02T22:51:11 IST" duration-ms="5599" status="PASS">
          <params>
            <param index="0">
              <value>
                <![CDATA["User enters destination"]]>
              </value>
            </param>
            <param index="1">
              <value>
                <![CDATA["Yatra application search functionality"]]>
              </value>
            </param>
          </params>
          <reporter-output>
          </reporter-output>
        </test-method> <!-- runScenario -->
        <test-method is-config="true" signature="tearDownClass()[pri:0, instance:cucumberOptions.TestNGRunner@302552ec]" started-at="2025-07-02T22:51:11 IST" name="tearDownClass" finished-at="2025-07-02T22:51:11 IST" duration-ms="9" status="PASS">
          <reporter-output>
          </reporter-output>
        </test-method> <!-- tearDownClass -->
      </class> <!-- cucumberOptions.TestNGRunner -->
    </test> <!-- Default test -->
  </suite> <!-- Default suite -->
</testng-results>
